#
# There is insufficient memory for the Java Runtime Environment to continue.
# Native memory allocation (malloc) failed to allocate 18895568 bytes. Error detail: Chunk::new
# Possible reasons:
#   The system is out of physical RAM or swap space
#   This process is running with CompressedOops enabled, and the Java Heap may be blocking the growth of the native heap
# Possible solutions:
#   Reduce memory load on the system
#   Increase physical memory or swap space
#   Check if swap backing store is full
#   Decrease Java heap size (-Xmx/-Xms)
#   Decrease number of Java threads
#   Decrease Java thread stack sizes (-Xss)
#   Set larger code cache with -XX:ReservedCodeCacheSize=
#   JVM is running with Unscaled Compressed Oops mode in which the Java heap is
#     placed in the first 4GB address space. The Java Heap base address is the
#     maximum limit for the native heap growth. Please use -XX:HeapBaseMinAddress
#     to set the Java Heap base and to place the Java Heap above 4GB virtual address.
# This output file may be truncated or incomplete.
#
#  Out of Memory Error (arena.cpp:162), pid=20504, tid=1852
#
# JRE version: Java(TM) SE Runtime Environment (24.0.1+9) (build 24.0.1+9-30)
# Java VM: Java HotSpot(TM) 64-Bit Server VM (24.0.1+9-30, mixed mode, sharing, tiered, compressed oops, compressed class ptrs, g1 gc, windows-amd64)
# No core dump will be written. Minidumps are not enabled by default on client versions of Windows
#

---------------  S U M M A R Y ------------

Command Line: -javaagent:C:\Users\hp\AppData\Local\JetBrains\IdeaIC2025.1\captureAgent\debugger-agent.jar=file:///C:/Users/hp/AppData/Local/Temp/capture17763766125981106973.props -ea -Didea.test.cyclic.buffer.size=1048576 -javaagent:C:\Program Files\JetBrains\IntelliJ IDEA Community Edition 2025.1.3\lib\idea_rt.jar=56791 -Dkotlinx.coroutines.debug.enable.creation.stack.trace=false -Ddebugger.agent.enable.coroutines=true -Dkotlinx.coroutines.debug.enable.flows.stack.trace=true -Dkotlinx.coroutines.debug.enable.mutable.state.flows.stack.trace=true -Dfile.encoding=UTF-8 -Dsun.stdout.encoding=UTF-8 -Dsun.stderr.encoding=UTF-8 com.intellij.rt.junit.JUnitStarter -ideVersion5 -junit5 com.testing.testingApp.repositories.EmployeeRepositoryTest

Host: Intel(R) Core(TM) i3-6006U CPU @ 2.00GHz, 4 cores, 7G,  Windows 10 , 64 bit Build 19041 (10.0.19041.5915)
Time: Mon Jul  7 17:46:03 2025 India Standard Time elapsed time: 16.889907 seconds (0d 0h 0m 16s)

---------------  T H R E A D  ---------------

Current thread (0x000001b606f19670):  JavaThread "C2 CompilerThread1" daemon [_thread_in_native, id=1852, stack(0x0000003204d00000,0x0000003204e00000) (1024K)]


Current CompileTask:
C2:16890 4210       4       jdk.internal.loader.BuiltinClassLoader::defineClass (121 bytes)

Stack: [0x0000003204d00000,0x0000003204e00000]
Native frames: (J=compiled Java code, j=interpreted, Vv=VM code, C=native code)
V  [jvm.dll+0x730739]  (no source info available)
V  [jvm.dll+0x8d9b23]  (no source info available)
V  [jvm.dll+0x8dc00d]  (no source info available)
V  [jvm.dll+0x8dc683]  (no source info available)
V  [jvm.dll+0x2aa086]  (no source info available)
V  [jvm.dll+0xcedef]  (no source info available)
V  [jvm.dll+0xcf04f]  (no source info available)
V  [jvm.dll+0x154d83]  (no source info available)
V  [jvm.dll+0x735f5f]  (no source info available)
V  [jvm.dll+0x26fa1c]  (no source info available)
V  [jvm.dll+0x26ea3f]  (no source info available)
V  [jvm.dll+0x1e9d60]  (no source info available)
V  [jvm.dll+0x27e1fb]  (no source info available)
V  [jvm.dll+0x27c49a]  (no source info available)
V  [jvm.dll+0x42f456]  (no source info available)
V  [jvm.dll+0x87d76b]  (no source info available)
V  [jvm.dll+0x72ee55]  (no source info available)
C  [ucrtbase.dll+0x21bb2]  (no source info available)
C  [KERNEL32.DLL+0x17374]  (no source info available)
C  [ntdll.dll+0x4cc91]  (no source info available)

Lock stack of current Java thread (top to bottom):


---------------  P R O C E S S  ---------------

Threads class SMR info:
_java_thread_list=0x000001b60566b6d0, length=14, elements={
0x000001b61decbae0, 0x000001b63c6e9cd0, 0x000001b63c6eaaa0, 0x000001b63c6f08c0,
0x000001b63c6f13f0, 0x000001b63c6f1f20, 0x000001b63c6f31f0, 0x000001b63c6f8c20,
0x000001b63c705430, 0x000001b63c9153e0, 0x000001b63caf53c0, 0x000001b67e0518d0,
0x000001b67e041ff0, 0x000001b606f19670
}

Java Threads: ( => current thread )
  0x000001b61decbae0 JavaThread "main"                              [_thread_in_native, id=17580, stack(0x0000003203700000,0x0000003203800000) (1024K)]
  0x000001b63c6e9cd0 JavaThread "Reference Handler"          daemon [_thread_blocked, id=15600, stack(0x0000003203f00000,0x0000003204000000) (1024K)]
  0x000001b63c6eaaa0 JavaThread "Finalizer"                  daemon [_thread_blocked, id=18688, stack(0x0000003204000000,0x0000003204100000) (1024K)]
  0x000001b63c6f08c0 JavaThread "Signal Dispatcher"          daemon [_thread_blocked, id=6076, stack(0x0000003204100000,0x0000003204200000) (1024K)]
  0x000001b63c6f13f0 JavaThread "Attach Listener"            daemon [_thread_blocked, id=7640, stack(0x0000003204200000,0x0000003204300000) (1024K)]
  0x000001b63c6f1f20 JavaThread "Service Thread"             daemon [_thread_blocked, id=5596, stack(0x0000003204300000,0x0000003204400000) (1024K)]
  0x000001b63c6f31f0 JavaThread "Monitor Deflation Thread"   daemon [_thread_blocked, id=14048, stack(0x0000003204400000,0x0000003204500000) (1024K)]
  0x000001b63c6f8c20 JavaThread "C2 CompilerThread0"         daemon [_thread_in_native, id=19288, stack(0x0000003204500000,0x0000003204600000) (1024K)]
  0x000001b63c705430 JavaThread "C1 CompilerThread0"         daemon [_thread_blocked, id=3612, stack(0x0000003204600000,0x0000003204700000) (1024K)]
  0x000001b63c9153e0 JavaThread "Common-Cleaner"             daemon [_thread_blocked, id=7780, stack(0x0000003204700000,0x0000003204800000) (1024K)]
  0x000001b63caf53c0 JavaThread "IntelliJ Suspend Helper"    daemon [_thread_blocked, id=260, stack(0x0000003204800000,0x0000003204900000) (1024K)]
  0x000001b67e0518d0 JavaThread "Monitor Ctrl-Break"         daemon [_thread_in_native, id=12224, stack(0x0000003204900000,0x0000003204a00000) (1024K)]
  0x000001b67e041ff0 JavaThread "Notification Thread"        daemon [_thread_blocked, id=5104, stack(0x0000003204a00000,0x0000003204b00000) (1024K)]
=>0x000001b606f19670 JavaThread "C2 CompilerThread1"         daemon [_thread_in_native, id=1852, stack(0x0000003204d00000,0x0000003204e00000) (1024K)]
Total: 14

Other Threads:
  0x000001b63c6d9d40 VMThread "VM Thread"                           [id=19272, stack(0x0000003203e00000,0x0000003203f00000) (1024K)]
  0x000001b63c6c8c90 WatcherThread "VM Periodic Task Thread"        [id=16708, stack(0x0000003203d00000,0x0000003203e00000) (1024K)]
  0x000001b6200d9980 WorkerThread "GC Thread#0"                     [id=20944, stack(0x0000003203800000,0x0000003203900000) (1024K)]
  0x000001b67ec93bd0 WorkerThread "GC Thread#1"                     [id=21464, stack(0x0000003204b00000,0x0000003204c00000) (1024K)]
  0x000001b67ec93f80 WorkerThread "GC Thread#2"                     [id=5412, stack(0x0000003204c00000,0x0000003204d00000) (1024K)]
  0x000001b60401a5e0 WorkerThread "GC Thread#3"                     [id=15340, stack(0x0000003204f00000,0x0000003205000000) (1024K)]
  0x000001b6200eece0 ConcurrentGCThread "G1 Main Marker"            [id=2536, stack(0x0000003203900000,0x0000003203a00000) (1024K)]
  0x000001b6200ef700 WorkerThread "G1 Conc#0"                       [id=14688, stack(0x0000003203a00000,0x0000003203b00000) (1024K)]
  0x000001b62013ead0 ConcurrentGCThread "G1 Refine#0"               [id=17448, stack(0x0000003203b00000,0x0000003203c00000) (1024K)]
  0x000001b63c59a770 ConcurrentGCThread "G1 Service"                [id=9692, stack(0x0000003203c00000,0x0000003203d00000) (1024K)]
Total: 10

Threads with active compile tasks:
C2 CompilerThread0  17056 4226   !   4       jdk.internal.loader.Resource::getBytes (170 bytes)
C2 CompilerThread1  17056 4210       4       jdk.internal.loader.BuiltinClassLoader::defineClass (121 bytes)
Total: 2

VM state: not at safepoint (normal execution)

VM Mutex/Monitor currently owned by a thread: None

Heap address: 0x0000000081a00000, size: 2022 MB, Compressed Oops mode: 32-bit

CDS archive(s) mapped at: [0x000001b63d000000-0x000001b63dd40000-0x000001b63dd40000), size 13893632, SharedBaseAddress: 0x000001b63d000000, ArchiveRelocationMode: 1.
Compressed class space mapped at: 0x000001b63e000000-0x000001b67e000000, reserved size: 1073741824
UseCompressedClassPointers 1, UseCompactObjectHeaders 0
Narrow klass pointer bits 32, Max shift 3
Narrow klass base: 0x000001b63d000000, Narrow klass shift: 0
Encoding Range: [0x000001b63d000000 - 0x000001b73d000000), (4294967296 bytes)
Klass Range:    [0x000001b63d000000 - 0x000001b67e000000), (1090519040 bytes)
Klass ID Range:  [8 - 1090519033) (1090519025)

GC Precious Log:
 CardTable entry size: 512
 Card Set container configuration: InlinePtr #cards 5 size 8 Array Of Cards #cards 10 size 36 Howl #buckets 4 coarsen threshold 1843 Howl Bitmap #cards 512 size 80 coarsen threshold 460 Card regions per heap region 1 cards per card region 2048
 CPUs: 4 total, 4 available
 Memory: 8082M
 Large Page Support: Disabled
 NUMA Support: Disabled
 Compressed Oops: Enabled (32-bit)
 Heap Region Size: 1M
 Heap Min Capacity: 8M
 Heap Initial Capacity: 128M
 Heap Max Capacity: 2022M
 Pre-touch: Disabled
 Parallel Workers: 4
 Concurrent Workers: 1
 Concurrent Refinement Workers: 4
 Periodic GC: Disabled

Heap:
 garbage-first heap   total reserved 2070528K, committed 51200K, used 24517K [0x0000000081a00000, 0x0000000100000000)
  region size 1024K, 7 young (7168K), 3 survivors (3072K)
 Metaspace       used 46717K, committed 47104K, reserved 1114112K
  class space    used 4748K, committed 4928K, reserved 1048576K

Heap Regions: E=young(eden), S=young(survivor), O=old, HS=humongous(starts), HC=humongous(continues), CS=collection set, F=free, TAMS=top-at-mark-start, PB=parsable bottom
|   0|0x0000000081a00000, 0x0000000081b00000, 0x0000000081b00000|100%|HS|  |TAMS 0x0000000081a00000| PB 0x0000000081a00000| Complete |  0
|   1|0x0000000081b00000, 0x0000000081c00000, 0x0000000081c00000|100%|HS|  |TAMS 0x0000000081b00000| PB 0x0000000081b00000| Complete |  0
|   2|0x0000000081c00000, 0x0000000081d00000, 0x0000000081d00000|100%| O|  |TAMS 0x0000000081c00000| PB 0x0000000081c00000| Untracked |  0
|   3|0x0000000081d00000, 0x0000000081e00000, 0x0000000081e00000|100%| O|  |TAMS 0x0000000081d00000| PB 0x0000000081d00000| Untracked |  0
|   4|0x0000000081e00000, 0x0000000081f00000, 0x0000000081f00000|100%| O|  |TAMS 0x0000000081e00000| PB 0x0000000081e00000| Untracked |  0
|   5|0x0000000081f00000, 0x0000000082000000, 0x0000000082000000|100%| O|  |TAMS 0x0000000081f00000| PB 0x0000000081f00000| Untracked |  0
|   6|0x0000000082000000, 0x0000000082100000, 0x0000000082100000|100%| O|  |TAMS 0x0000000082000000| PB 0x0000000082000000| Untracked |  0
|   7|0x0000000082100000, 0x0000000082200000, 0x0000000082200000|100%| O|  |TAMS 0x0000000082100000| PB 0x0000000082100000| Untracked |  0
|   8|0x0000000082200000, 0x0000000082200000, 0x0000000082300000|  0%| F|  |TAMS 0x0000000082200000| PB 0x0000000082200000| Untracked |  0
|   9|0x0000000082300000, 0x0000000082400000, 0x0000000082400000|100%| O|  |TAMS 0x0000000082300000| PB 0x0000000082300000| Untracked |  0
|  10|0x0000000082400000, 0x0000000082500000, 0x0000000082500000|100%| O|  |TAMS 0x0000000082400000| PB 0x0000000082400000| Untracked |  0
|  11|0x0000000082500000, 0x0000000082600000, 0x0000000082600000|100%| O|  |TAMS 0x0000000082500000| PB 0x0000000082500000| Untracked |  0
|  12|0x0000000082600000, 0x0000000082700000, 0x0000000082700000|100%| O|  |TAMS 0x0000000082600000| PB 0x0000000082600000| Untracked |  0
|  13|0x0000000082700000, 0x0000000082800000, 0x0000000082800000|100%| O|  |TAMS 0x0000000082700000| PB 0x0000000082700000| Untracked |  0
|  14|0x0000000082800000, 0x0000000082900000, 0x0000000082900000|100%| O|  |TAMS 0x0000000082800000| PB 0x0000000082800000| Untracked |  0
|  15|0x0000000082900000, 0x0000000082a00000, 0x0000000082a00000|100%| O|  |TAMS 0x0000000082900000| PB 0x0000000082900000| Untracked |  0
|  16|0x0000000082a00000, 0x0000000082b00000, 0x0000000082b00000|100%| O|  |TAMS 0x0000000082a00000| PB 0x0000000082a00000| Untracked |  0
|  17|0x0000000082b00000, 0x0000000082b785f0, 0x0000000082c00000| 47%| O|  |TAMS 0x0000000082b00000| PB 0x0000000082b00000| Untracked |  0
|  18|0x0000000082c00000, 0x0000000082d00000, 0x0000000082d00000|100%| O|  |TAMS 0x0000000082c00000| PB 0x0000000082c00000| Untracked |  0
|  19|0x0000000082d00000, 0x0000000082d00000, 0x0000000082e00000|  0%| F|  |TAMS 0x0000000082d00000| PB 0x0000000082d00000| Untracked |  0
|  20|0x0000000082e00000, 0x0000000082e00000, 0x0000000082f00000|  0%| F|  |TAMS 0x0000000082e00000| PB 0x0000000082e00000| Untracked |  0
|  21|0x0000000082f00000, 0x0000000082f00000, 0x0000000083000000|  0%| F|  |TAMS 0x0000000082f00000| PB 0x0000000082f00000| Untracked |  0
|  22|0x0000000083000000, 0x0000000083000000, 0x0000000083100000|  0%| F|  |TAMS 0x0000000083000000| PB 0x0000000083000000| Untracked |  0
|  23|0x0000000083100000, 0x0000000083179160, 0x0000000083200000| 47%| S|CS|TAMS 0x0000000083100000| PB 0x0000000083100000| Complete |  0
|  24|0x0000000083200000, 0x0000000083300000, 0x0000000083300000|100%| S|CS|TAMS 0x0000000083200000| PB 0x0000000083200000| Complete |  0
|  25|0x0000000083300000, 0x0000000083300000, 0x0000000083400000|  0%| F|  |TAMS 0x0000000083300000| PB 0x0000000083300000| Untracked |  0
|  26|0x0000000083400000, 0x0000000083400000, 0x0000000083500000|  0%| F|  |TAMS 0x0000000083400000| PB 0x0000000083400000| Untracked |  0
|  27|0x0000000083500000, 0x0000000083600000, 0x0000000083600000|100%| S|CS|TAMS 0x0000000083500000| PB 0x0000000083500000| Complete |  0
|  28|0x0000000083600000, 0x0000000083600000, 0x0000000083700000|  0%| F|  |TAMS 0x0000000083600000| PB 0x0000000083600000| Untracked |  0
|  29|0x0000000083700000, 0x0000000083700000, 0x0000000083800000|  0%| F|  |TAMS 0x0000000083700000| PB 0x0000000083700000| Untracked |  0
|  30|0x0000000083800000, 0x0000000083800000, 0x0000000083900000|  0%| F|  |TAMS 0x0000000083800000| PB 0x0000000083800000| Untracked |  0
|  31|0x0000000083900000, 0x0000000083900000, 0x0000000083a00000|  0%| F|  |TAMS 0x0000000083900000| PB 0x0000000083900000| Untracked |  0
|  32|0x0000000083a00000, 0x0000000083a00000, 0x0000000083b00000|  0%| F|  |TAMS 0x0000000083a00000| PB 0x0000000083a00000| Untracked |  0
|  33|0x0000000083b00000, 0x0000000083b00000, 0x0000000083c00000|  0%| F|  |TAMS 0x0000000083b00000| PB 0x0000000083b00000| Untracked |  0
|  34|0x0000000083c00000, 0x0000000083c00000, 0x0000000083d00000|  0%| F|  |TAMS 0x0000000083c00000| PB 0x0000000083c00000| Untracked |  0
|  35|0x0000000083d00000, 0x0000000083d00000, 0x0000000083e00000|  0%| F|  |TAMS 0x0000000083d00000| PB 0x0000000083d00000| Untracked |  0
|  36|0x0000000083e00000, 0x0000000083e00000, 0x0000000083f00000|  0%| F|  |TAMS 0x0000000083e00000| PB 0x0000000083e00000| Untracked |  0
|  37|0x0000000083f00000, 0x0000000083f00000, 0x0000000084000000|  0%| F|  |TAMS 0x0000000083f00000| PB 0x0000000083f00000| Untracked |  0
|  38|0x0000000084000000, 0x0000000084000000, 0x0000000084100000|  0%| F|  |TAMS 0x0000000084000000| PB 0x0000000084000000| Untracked |  0
|  39|0x0000000084100000, 0x0000000084100000, 0x0000000084200000|  0%| F|  |TAMS 0x0000000084100000| PB 0x0000000084100000| Untracked |  0
|  40|0x0000000084200000, 0x0000000084200000, 0x0000000084300000|  0%| F|  |TAMS 0x0000000084200000| PB 0x0000000084200000| Untracked |  0
|  41|0x0000000084300000, 0x0000000084300000, 0x0000000084400000|  0%| F|  |TAMS 0x0000000084300000| PB 0x0000000084300000| Untracked |  0
|  42|0x0000000084400000, 0x0000000084400000, 0x0000000084500000|  0%| F|  |TAMS 0x0000000084400000| PB 0x0000000084400000| Untracked |  0
| 113|0x0000000088b00000, 0x0000000088b00000, 0x0000000088c00000|  0%| F|  |TAMS 0x0000000088b00000| PB 0x0000000088b00000| Untracked |  0
| 114|0x0000000088c00000, 0x0000000088c62c40, 0x0000000088d00000| 38%| E|  |TAMS 0x0000000088c00000| PB 0x0000000088c00000| Complete |  0
| 115|0x0000000088d00000, 0x0000000088e00000, 0x0000000088e00000|100%| E|CS|TAMS 0x0000000088d00000| PB 0x0000000088d00000| Complete |  0
| 116|0x0000000088e00000, 0x0000000088f00000, 0x0000000088f00000|100%| E|CS|TAMS 0x0000000088e00000| PB 0x0000000088e00000| Complete |  0
| 127|0x0000000089900000, 0x0000000089a00000, 0x0000000089a00000|100%| E|CS|TAMS 0x0000000089900000| PB 0x0000000089900000| Complete |  0
|2020|0x00000000ffe00000, 0x00000000fff00000, 0x00000000fff00000|100%| O|  |TAMS 0x00000000ffe00000| PB 0x00000000ffe00000| Untracked |  0
|2021|0x00000000fff00000, 0x0000000100000000, 0x0000000100000000|100%| E|CS|TAMS 0x00000000fff00000| PB 0x00000000fff00000| Complete |  0

Card table byte_map: [0x000001b637d20000,0x000001b638120000] _byte_map_base: 0x000001b637913000

Marking Bits: (CMBitMap*) 0x000001b6200da7b0
 Bits: [0x000001b638120000, 0x000001b63a0b8000)

Polling page: 0x000001b61f850000

Metaspace:

Usage:
  Non-class:     40.99 MB used.
      Class:      4.64 MB used.
       Both:     45.62 MB used.

Virtual space:
  Non-class space:       64.00 MB reserved,      41.19 MB ( 64%) committed,  1 nodes.
      Class space:        1.00 GB reserved,       4.81 MB ( <1%) committed,  1 nodes.
             Both:        1.06 GB reserved,      46.00 MB (  4%) committed. 

Chunk freelists:
   Non-Class:  6.44 MB
       Class:  11.20 MB
        Both:  17.64 MB

MaxMetaspaceSize: unlimited
CompressedClassSpaceSize: 1.00 GB
Initial GC threshold: 21.00 MB
Current GC threshold: 59.00 MB
CDS: on
 - commit_granule_bytes: 65536.
 - commit_granule_words: 8192.
 - virtual_space_node_default_size: 8388608.
 - enlarge_chunks_in_place: 1.
UseCompressedClassPointers 1, UseCompactObjectHeaders 0
Narrow klass pointer bits 32, Max shift 3
Narrow klass base: 0x000001b63d000000, Narrow klass shift: 0
Encoding Range: [0x000001b63d000000 - 0x000001b73d000000), (4294967296 bytes)
Klass Range:    [0x000001b63d000000 - 0x000001b67e000000), (1090519040 bytes)
Klass ID Range:  [8 - 1090519033) (1090519025)


Internal statistics:

num_allocs_failed_limit: 6.
num_arena_births: 410.
num_arena_deaths: 0.
num_vsnodes_births: 2.
num_vsnodes_deaths: 0.
num_space_committed: 736.
num_space_uncommitted: 0.
num_chunks_returned_to_freelist: 6.
num_chunks_taken_from_freelist: 1783.
num_chunk_merges: 3.
num_chunk_splits: 1342.
num_chunks_enlarged: 1131.
num_inconsistent_stats: 0.

CodeHeap 'non-profiled nmethods': size=120064Kb used=1713Kb max_used=1713Kb free=118350Kb
 bounds [0x000001b6303e0000, 0x000001b630650000, 0x000001b637920000]
CodeHeap 'profiled nmethods': size=120000Kb used=6685Kb max_used=6911Kb free=113314Kb
 bounds [0x000001b628920000, 0x000001b628ff0000, 0x000001b62fe50000]
CodeHeap 'non-nmethods': size=5696Kb used=1458Kb max_used=1528Kb free=4237Kb
 bounds [0x000001b62fe50000, 0x000001b6300c0000, 0x000001b6303e0000]
CodeCache: size=245760Kb, used=9856Kb, max_used=10152Kb, free=235901Kb
 total_blobs=4487, nmethods=3867, adapters=523, full_count=0
Compilation: enabled, stopped_count=0, restarted_count=0

Compilation events (20 events):
Event: 16.776 Thread 0x000001b63c705430 nmethod 4233 0x000001b6289a7c88 code [0x000001b6289a7f60, 0x000001b6289a94a8]
Event: 16.776 Thread 0x000001b63c705430 4234       3       java.util.LinkedList::peekLast (18 bytes)
Event: 16.776 Thread 0x000001b63c705430 nmethod 4234 0x000001b628c6d088 code [0x000001b628c6d1a0, 0x000001b628c6d320]
Event: 16.791 Thread 0x000001b63c705430 4235       3       java.util.Spliterators::spliterator (25 bytes)
Event: 16.791 Thread 0x000001b63c705430 nmethod 4235 0x000001b628d6ca88 code [0x000001b628d6cbe0, 0x000001b628d6cf38]
Event: 16.796 Thread 0x000001b63c705430 4236       3       java.lang.reflect.Field::hashCode (19 bytes)
Event: 16.796 Thread 0x000001b63c705430 nmethod 4236 0x000001b628925588 code [0x000001b6289256e0, 0x000001b628925bf8]
Event: 16.855 Thread 0x000001b63c705430 4238       3       java.lang.reflect.Field::getDeclaredAnnotations (8 bytes)
Event: 16.855 Thread 0x000001b63c705430 nmethod 4238 0x000001b628a83f08 code [0x000001b628a84060, 0x000001b628a84488]
Event: 16.860 Thread 0x000001b63c705430 4239       3       org.hibernate.annotations.common.reflection.java.JavaReflectionManager::getMetadataProvider (23 bytes)
Event: 16.860 Thread 0x000001b63c705430 nmethod 4239 0x000001b628c50288 code [0x000001b628c503c0, 0x000001b628c50720]
Event: 16.860 Thread 0x000001b63c705430 4240       3       org.hibernate.annotations.common.reflection.java.JavaXAnnotatedElement::getAnnotationReader (12 bytes)
Event: 16.861 Thread 0x000001b63c705430 nmethod 4240 0x000001b628942a08 code [0x000001b628942b60, 0x000001b628943148]
Event: 16.861 Thread 0x000001b63c705430 4241       3       org.hibernate.annotations.common.reflection.java.JavaReflectionManager::buildAnnotationReader (11 bytes)
Event: 16.862 Thread 0x000001b63c705430 nmethod 4241 0x000001b62894cc08 code [0x000001b62894cd60, 0x000001b62894d260]
Event: 16.862 Thread 0x000001b63c705430 4242       3       jdk.internal.classfile.impl.StackMapGenerator::processLdc (303 bytes)
Event: 16.865 Thread 0x000001b63c705430 nmethod 4242 0x000001b628a34588 code [0x000001b628a349e0, 0x000001b628a374f8]
Event: 16.871 Thread 0x000001b63c705430 4243       3       org.jboss.logging.Slf4jLocationAwareLogger::isEnabled (114 bytes)
Event: 16.872 Thread 0x000001b63c705430 nmethod 4243 0x000001b62895ef88 code [0x000001b62895f1a0, 0x000001b62895fe08]
Event: 16.882 Thread 0x000001b63c705430 4245       3       jdk.internal.constant.ConstantUtils::validateClassOrPackageName (123 bytes)

GC Heap History (18 events):
Event: 3.222 GC heap before
{Heap before GC invocations=0 (full 0):
 garbage-first heap   total reserved 2070528K, committed 133120K, used 31860K [0x0000000081a00000, 0x0000000100000000)
  region size 1024K, 28 young (28672K), 0 survivors (0K)
 Metaspace       used 7004K, committed 7232K, reserved 1114112K
  class space    used 633K, committed 768K, reserved 1048576K
}
Event: 3.235 GC heap after
{Heap after GC invocations=1 (full 0):
 garbage-first heap   total reserved 2070528K, committed 133120K, used 9677K [0x0000000081a00000, 0x0000000100000000)
  region size 1024K, 4 young (4096K), 4 survivors (4096K)
 Metaspace       used 7004K, committed 7232K, reserved 1114112K
  class space    used 633K, committed 768K, reserved 1048576K
}
Event: 8.879 GC heap before
{Heap before GC invocations=1 (full 0):
 garbage-first heap   total reserved 2070528K, committed 133120K, used 60877K [0x0000000081a00000, 0x0000000100000000)
  region size 1024K, 55 young (56320K), 4 survivors (4096K)
 Metaspace       used 18288K, committed 18624K, reserved 1114112K
  class space    used 1910K, committed 2048K, reserved 1048576K
}
Event: 8.894 GC heap after
{Heap after GC invocations=2 (full 0):
 garbage-first heap   total reserved 2070528K, committed 133120K, used 12513K [0x0000000081a00000, 0x0000000100000000)
  region size 1024K, 7 young (7168K), 7 survivors (7168K)
 Metaspace       used 18288K, committed 18624K, reserved 1114112K
  class space    used 1910K, committed 2048K, reserved 1048576K
}
Event: 9.367 GC heap before
{Heap before GC invocations=2 (full 0):
 garbage-first heap   total reserved 2070528K, committed 133120K, used 22753K [0x0000000081a00000, 0x0000000100000000)
  region size 1024K, 18 young (18432K), 7 survivors (7168K)
 Metaspace       used 21257K, committed 21504K, reserved 1114112K
  class space    used 2190K, committed 2304K, reserved 1048576K
}
Event: 9.380 GC heap after
{Heap after GC invocations=3 (full 0):
 garbage-first heap   total reserved 2070528K, committed 133120K, used 13469K [0x0000000081a00000, 0x0000000100000000)
  region size 1024K, 4 young (4096K), 4 survivors (4096K)
 Metaspace       used 21257K, committed 21504K, reserved 1114112K
  class space    used 2190K, committed 2304K, reserved 1048576K
}
Event: 10.229 GC heap before
{Heap before GC invocations=4 (full 0):
 garbage-first heap   total reserved 2070528K, committed 51200K, used 40093K [0x0000000081a00000, 0x0000000100000000)
  region size 1024K, 30 young (30720K), 4 survivors (4096K)
 Metaspace       used 26719K, committed 27008K, reserved 1114112K
  class space    used 2657K, committed 2816K, reserved 1048576K
}
Event: 10.240 GC heap after
{Heap after GC invocations=5 (full 0):
 garbage-first heap   total reserved 2070528K, committed 51200K, used 15899K [0x0000000081a00000, 0x0000000100000000)
  region size 1024K, 4 young (4096K), 4 survivors (4096K)
 Metaspace       used 26719K, committed 27008K, reserved 1114112K
  class space    used 2657K, committed 2816K, reserved 1048576K
}
Event: 11.223 GC heap before
{Heap before GC invocations=5 (full 0):
 garbage-first heap   total reserved 2070528K, committed 51200K, used 36379K [0x0000000081a00000, 0x0000000100000000)
  region size 1024K, 24 young (24576K), 4 survivors (4096K)
 Metaspace       used 29819K, committed 30144K, reserved 1114112K
  class space    used 3008K, committed 3136K, reserved 1048576K
}
Event: 11.235 GC heap after
{Heap after GC invocations=6 (full 0):
 garbage-first heap   total reserved 2070528K, committed 51200K, used 17343K [0x0000000081a00000, 0x0000000100000000)
  region size 1024K, 3 young (3072K), 3 survivors (3072K)
 Metaspace       used 29819K, committed 30144K, reserved 1114112K
  class space    used 3008K, committed 3136K, reserved 1048576K
}
Event: 12.579 GC heap before
{Heap before GC invocations=6 (full 0):
 garbage-first heap   total reserved 2070528K, committed 51200K, used 36799K [0x0000000081a00000, 0x0000000100000000)
  region size 1024K, 23 young (23552K), 3 survivors (3072K)
 Metaspace       used 34581K, committed 34944K, reserved 1114112K
  class space    used 3458K, committed 3584K, reserved 1048576K
}
Event: 12.598 GC heap after
{Heap after GC invocations=7 (full 0):
 garbage-first heap   total reserved 2070528K, committed 51200K, used 19081K [0x0000000081a00000, 0x0000000100000000)
  region size 1024K, 2 young (2048K), 2 survivors (2048K)
 Metaspace       used 34581K, committed 34944K, reserved 1114112K
  class space    used 3458K, committed 3584K, reserved 1048576K
}
Event: 13.061 GC heap before
{Heap before GC invocations=7 (full 0):
 garbage-first heap   total reserved 2070528K, committed 51200K, used 25225K [0x0000000081a00000, 0x0000000100000000)
  region size 1024K, 9 young (9216K), 2 survivors (2048K)
 Metaspace       used 35686K, committed 36096K, reserved 1114112K
  class space    used 3631K, committed 3840K, reserved 1048576K
}
Event: 13.071 GC heap after
{Heap after GC invocations=8 (full 0):
 garbage-first heap   total reserved 2070528K, committed 51200K, used 19464K [0x0000000081a00000, 0x0000000100000000)
  region size 1024K, 1 young (1024K), 1 survivors (1024K)
 Metaspace       used 35686K, committed 36096K, reserved 1114112K
  class space    used 3631K, committed 3840K, reserved 1048576K
}
Event: 14.472 GC heap before
{Heap before GC invocations=9 (full 0):
 garbage-first heap   total reserved 2070528K, committed 51200K, used 39944K [0x0000000081a00000, 0x0000000100000000)
  region size 1024K, 22 young (22528K), 1 survivors (1024K)
 Metaspace       used 40728K, committed 41152K, reserved 1114112K
  class space    used 4152K, committed 4352K, reserved 1048576K
}
Event: 14.480 GC heap after
{Heap after GC invocations=10 (full 0):
 garbage-first heap   total reserved 2070528K, committed 51200K, used 20412K [0x0000000081a00000, 0x0000000100000000)
  region size 1024K, 2 young (2048K), 2 survivors (2048K)
 Metaspace       used 40728K, committed 41152K, reserved 1114112K
  class space    used 4152K, committed 4352K, reserved 1048576K
}
Event: 16.800 GC heap before
{Heap before GC invocations=10 (full 0):
 garbage-first heap   total reserved 2070528K, committed 51200K, used 40892K [0x0000000081a00000, 0x0000000100000000)
  region size 1024K, 23 young (23552K), 2 survivors (2048K)
 Metaspace       used 45714K, committed 46144K, reserved 1114112K
  class space    used 4676K, committed 4864K, reserved 1048576K
}
Event: 16.811 GC heap after
{Heap after GC invocations=11 (full 0):
 garbage-first heap   total reserved 2070528K, committed 51200K, used 21445K [0x0000000081a00000, 0x0000000100000000)
  region size 1024K, 3 young (3072K), 3 survivors (3072K)
 Metaspace       used 45714K, committed 46144K, reserved 1114112K
  class space    used 4676K, committed 4864K, reserved 1048576K
}

Dll operation events (11 events):
Event: 0.113 Loaded shared library C:\Users\hp\Downloads\jdk-24.0.1\bin\java.dll
Event: 0.117 Loaded shared library C:\Users\hp\Downloads\jdk-24.0.1\bin\zip.dll
Event: 0.205 Loaded shared library C:\Users\hp\Downloads\jdk-24.0.1\bin\jsvml.dll
Event: 0.501 Loaded shared library C:\Users\hp\Downloads\jdk-24.0.1\bin\instrument.dll
Event: 0.657 Loaded shared library C:\Users\hp\Downloads\jdk-24.0.1\bin\net.dll
Event: 0.661 Loaded shared library C:\Users\hp\Downloads\jdk-24.0.1\bin\nio.dll
Event: 0.731 Loaded shared library C:\Users\hp\Downloads\jdk-24.0.1\bin\zip.dll
Event: 0.823 Loaded shared library C:\Users\hp\Downloads\jdk-24.0.1\bin\extnet.dll
Event: 1.207 Loaded shared library C:\Users\hp\Downloads\jdk-24.0.1\bin\jimage.dll
Event: 10.604 Loaded shared library C:\Users\hp\Downloads\jdk-24.0.1\bin\sunmscapi.dll
Event: 14.297 Loaded shared library C:\Users\hp\Downloads\jdk-24.0.1\bin\verify.dll

Deoptimization events (20 events):
Event: 15.333 Thread 0x000001b61decbae0 Uncommon trap: trap_request=0xffffffde fr.pc=0x000001b6304970a0 relative=0x0000000000000d80
Event: 15.333 Thread 0x000001b61decbae0 Uncommon trap: reason=class_check action=maybe_recompile pc=0x000001b6304970a0 method=java.util.concurrent.ConcurrentHashMap.putVal(Ljava/lang/Object;Ljava/lang/Object;Z)Ljava/lang/Object; @ 242 c2
Event: 15.333 Thread 0x000001b61decbae0 DEOPT PACKING pc=0x000001b6304970a0 sp=0x00000032037fb160
Event: 15.333 Thread 0x000001b61decbae0 DEOPT UNPACKING pc=0x000001b62ff66002 sp=0x00000032037fb0c0 mode 2
Event: 15.336 Thread 0x000001b61decbae0 Uncommon trap: trap_request=0xffffffde fr.pc=0x000001b6304970a0 relative=0x0000000000000d80
Event: 15.336 Thread 0x000001b61decbae0 Uncommon trap: reason=class_check action=maybe_recompile pc=0x000001b6304970a0 method=java.util.concurrent.ConcurrentHashMap.putVal(Ljava/lang/Object;Ljava/lang/Object;Z)Ljava/lang/Object; @ 242 c2
Event: 15.336 Thread 0x000001b61decbae0 DEOPT PACKING pc=0x000001b6304970a0 sp=0x00000032037fb1e0
Event: 15.336 Thread 0x000001b61decbae0 DEOPT UNPACKING pc=0x000001b62ff66002 sp=0x00000032037fb140 mode 2
Event: 15.354 Thread 0x000001b61decbae0 Uncommon trap: trap_request=0xffffffde fr.pc=0x000001b6304970a0 relative=0x0000000000000d80
Event: 15.354 Thread 0x000001b61decbae0 Uncommon trap: reason=class_check action=maybe_recompile pc=0x000001b6304970a0 method=java.util.concurrent.ConcurrentHashMap.putVal(Ljava/lang/Object;Ljava/lang/Object;Z)Ljava/lang/Object; @ 242 c2
Event: 15.354 Thread 0x000001b61decbae0 DEOPT PACKING pc=0x000001b6304970a0 sp=0x00000032037fb1e0
Event: 15.354 Thread 0x000001b61decbae0 DEOPT UNPACKING pc=0x000001b62ff66002 sp=0x00000032037fb140 mode 2
Event: 15.375 Thread 0x000001b61decbae0 Uncommon trap: trap_request=0xffffffde fr.pc=0x000001b630496fc0 relative=0x0000000000000ca0
Event: 15.375 Thread 0x000001b61decbae0 Uncommon trap: reason=class_check action=maybe_recompile pc=0x000001b630496fc0 method=java.util.concurrent.ConcurrentHashMap.putVal(Ljava/lang/Object;Ljava/lang/Object;Z)Ljava/lang/Object; @ 159 c2
Event: 15.375 Thread 0x000001b61decbae0 DEOPT PACKING pc=0x000001b630496fc0 sp=0x00000032037fb2d0
Event: 15.375 Thread 0x000001b61decbae0 DEOPT UNPACKING pc=0x000001b62ff66002 sp=0x00000032037fb240 mode 2
Event: 16.877 Thread 0x000001b61decbae0 Uncommon trap: trap_request=0xffffffde fr.pc=0x000001b630521fcc relative=0x000000000000004c
Event: 16.877 Thread 0x000001b61decbae0 Uncommon trap: reason=class_check action=maybe_recompile pc=0x000001b630521fcc method=java.lang.StringConcatHelper.stringOf(Ljava/lang/Object;)Ljava/lang/String; @ 5 c2
Event: 16.877 Thread 0x000001b61decbae0 DEOPT PACKING pc=0x000001b630521fcc sp=0x00000032037fa720
Event: 16.877 Thread 0x000001b61decbae0 DEOPT UNPACKING pc=0x000001b62ff66002 sp=0x00000032037fa6b8 mode 2

Classes loaded (20 events):
Event: 16.873 Loading class org/hibernate/annotations/Index
Event: 16.873 Loading class org/hibernate/annotations/Index done
Event: 16.874 Loading class org/hibernate/mapping/Table$1
Event: 16.874 Loading class org/hibernate/mapping/Table$1 done
Event: 16.875 Loading class org/hibernate/boot/model/naming/NamingHelper
Event: 16.875 Loading class org/hibernate/boot/model/naming/NamingHelper done
Event: 16.876 Loading class org/hibernate/boot/model/naming/Identifier
Event: 16.876 Loading class org/hibernate/boot/model/naming/Identifier done
Event: 16.877 Loading class org/hibernate/boot/model/naming/Identifier
Event: 16.877 Loading class org/hibernate/boot/model/naming/Identifier done
Event: 16.877 Loading class sun/security/provider/MD5
Event: 16.878 Loading class sun/security/provider/MD5 done
Event: 16.878 Loading class sun/security/provider/ByteArrayAccess$LE
Event: 16.879 Loading class sun/security/provider/ByteArrayAccess$LE done
Event: 16.879 Loading class java/math/MutableBigInteger
Event: 16.881 Loading class java/math/MutableBigInteger done
Event: 16.882 Loading class org/hibernate/mapping/Property
Event: 16.882 Loading class org/hibernate/mapping/Property done
Event: 16.882 Loading class org/hibernate/mapping/Property
Event: 16.882 Loading class org/hibernate/mapping/Property done

Classes unloaded (0 events):
No events

Classes redefined (1 events):
Event: 0.601 Thread 0x000001b63c6d9d40 redefined class name=java.lang.Throwable, count=1

Internal exceptions (20 events):
Event: 11.453 Thread 0x000001b61decbae0 Exception <a 'java/lang/NoClassDefFoundError'{0x0000000088d29cc8}: org/springframework/batch/core/repository/JobRepository> (0x0000000088d29cc8) 
thrown [s\open\src\hotspot\share\classfile\systemDictionary.cpp, line 316]
Event: 11.453 Thread 0x000001b61decbae0 Exception <a 'java/lang/NoClassDefFoundError'{0x0000000088d2ba30}: org/quartz/Scheduler> (0x0000000088d2ba30) 
thrown [s\open\src\hotspot\share\classfile\systemDictionary.cpp, line 316]
Event: 11.454 Thread 0x000001b61decbae0 Exception <a 'java/lang/NoClassDefFoundError'{0x0000000088d2d9c8}: org/springframework/session/jdbc/JdbcIndexedSessionRepository> (0x0000000088d2d9c8) 
thrown [s\open\src\hotspot\share\classfile\systemDictionary.cpp, line 316]
Event: 11.598 Thread 0x000001b61decbae0 Exception <a 'java/lang/NoSuchMethodError'{0x0000000088cbb450}: 'void java.lang.invoke.DirectMethodHandle$Holder.invokeVirtual(java.lang.Object, java.lang.Object, int)'> (0x0000000088cbb450) 
thrown [s\open\src\hotspot\share\interpreter\linkResolver.cpp, line 805]
Event: 11.601 Thread 0x000001b61decbae0 Exception <a 'java/lang/NoSuchMethodError'{0x0000000088cd3f98}: 'java.lang.Object java.lang.invoke.DirectMethodHandle$Holder.invokeStatic(java.lang.Object, java.lang.Object, java.lang.Object, java.lang.Object, int)'> (0x0000000088cd3f98) 
thrown [s\open\src\hotspot\share\interpreter\linkResolver.cpp, line 805]
Event: 11.604 Thread 0x000001b61decbae0 Exception <a 'java/lang/NoSuchMethodError'{0x0000000088cecae8}: 'void java.lang.invoke.DelegatingMethodHandle$Holder.reinvoke_L(java.lang.Object, java.lang.Object, int)'> (0x0000000088cecae8) 
thrown [s\open\src\hotspot\share\interpreter\linkResolver.cpp, line 805]
Event: 11.621 Thread 0x000001b61decbae0 Implicit null exception at 0x000001b6304f104a to 0x000001b6304f110d
Event: 11.734 Thread 0x000001b61decbae0 Exception <a 'java/lang/NoSuchMethodError'{0x00000000844a4ef8}: 'java.lang.Object java.lang.invoke.DirectMethodHandle$Holder.invokeStaticInit(java.lang.Object, int, int, int, int)'> (0x00000000844a4ef8) 
thrown [s\open\src\hotspot\share\interpreter\linkResolver.cpp, line 805]
Event: 11.886 Thread 0x000001b61decbae0 Exception <a 'java/lang/NoSuchMethodError'{0x00000000843640c0}: 'java.lang.Object java.lang.invoke.DirectMethodHandle$Holder.invokeStaticInit(java.lang.Object, java.lang.Object, int, int, int, int)'> (0x00000000843640c0) 
thrown [s\open\src\hotspot\share\interpreter\linkResolver.cpp, line 805]
Event: 12.205 Thread 0x000001b61decbae0 Exception <a 'java/lang/NoSuchMethodError'{0x0000000083fce458}: 'void java.lang.invoke.DirectMethodHandle$Holder.invokeStaticInit(java.lang.Object, java.lang.Object, java.lang.Object, java.lang.Object, java.lang.Object)'> (0x0000000083fce458) 
thrown [s\open\src\hotspot\share\interpreter\linkResolver.cpp, line 805]
Event: 12.865 Thread 0x000001b61decbae0 Exception <a 'java/lang/NoSuchMethodError'{0x0000000088d1c4a8}: 'java.lang.Object java.lang.invoke.DirectMethodHandle$Holder.newInvokeSpecial(java.lang.Object, java.lang.Object, java.lang.Object, java.lang.Object, java.lang.Object, java.lang.Object, java.lang.Object, java.lang.Object, java.lang.Object, java.lang.Object, java.lang.Object, java.lang.Object)'> (0x0000000088d1c4a8) 
thrown [s\open\src\hotspot\share\interpreter\linkResolver.cpp, line 805]
Event: 12.876 Thread 0x000001b61decbae0 Exception <a 'java/lang/NoSuchMethodError'{0x0000000088d59f98}: 'java.lang.Object java.lang.invoke.DirectMethodHandle$Holder.invokeStatic(java.lang.Object, java.lang.Object, java.lang.Object, java.lang.Object, java.lang.Object, java.lang.Object, java.lang.Object, java.lang.Object)'> (0x0000000088d59f98) 
thrown [s\open\src\hotspot\share\interpreter\linkResolver.cpp, line 805]
Event: 12.880 Thread 0x000001b61decbae0 Exception <a 'java/lang/NoSuchMethodError'{0x0000000088d81098}: 'java.lang.Object java.lang.invoke.DirectMethodHandle$Holder.invokeStatic(java.lang.Object, java.lang.Object, java.lang.Object, java.lang.Object, java.lang.Object, java.lang.Object, java.lang.Object, java.lang.Object, java.lang.Object)'> (0x0000000088d81098) 
thrown [s\open\src\hotspot\share\interpreter\linkResolver.cpp, line 805]
Event: 12.886 Thread 0x000001b61decbae0 Exception <a 'java/lang/NoSuchMethodError'{0x0000000088dae580}: 'void java.lang.invoke.DelegatingMethodHandle$Holder.delegate(java.lang.Object, java.lang.Object, int, java.lang.Object)'> (0x0000000088dae580) 
thrown [s\open\src\hotspot\share\interpreter\linkResolver.cpp, line 805]
Event: 12.996 Thread 0x000001b61decbae0 Exception <a 'java/lang/NoSuchMethodError'{0x0000000088cdf898}: 'java.lang.Object java.lang.invoke.DirectMethodHandle$Holder.invokeVirtual(java.lang.Object, java.lang.Object, java.lang.Object, java.lang.Object, java.lang.Object)'> (0x0000000088cdf898) 
thrown [s\open\src\hotspot\share\interpreter\linkResolver.cpp, line 805]
Event: 13.000 Thread 0x000001b61decbae0 Exception <a 'java/lang/NoSuchMethodError'{0x0000000088b0b928}: 'java.lang.Object java.lang.invoke.Invokers$Holder.invokeExact_MT(java.lang.Object, java.lang.Object, java.lang.Object, java.lang.Object, java.lang.Object, java.lang.Object)'> (0x0000000088b0b928) 
thrown [s\open\src\hotspot\share\interpreter\linkResolver.cpp, line 805]
Event: 13.199 Thread 0x000001b61decbae0 Exception <a 'java/lang/NoSuchMethodError'{0x0000000088e25468}: 'void java.lang.invoke.DelegatingMethodHandle$Holder.reinvoke_L(java.lang.Object, java.lang.Object, java.lang.Object, java.lang.Object, int, java.lang.Object, java.lang.Object, java.lang.Object)'> (0x0000000088e25468) 
thrown [s\open\src\hotspot\share\interpreter\linkResolver.cpp, line 805]
Event: 13.207 Thread 0x000001b61decbae0 Exception <a 'java/lang/NoSuchMethodError'{0x0000000088e7b938}: 'java.lang.Object java.lang.invoke.DirectMethodHandle$Holder.invokeStatic(java.lang.Object, java.lang.Object, java.lang.Object, java.lang.Object, java.lang.Object, java.lang.Object, java.lang.Object, java.lang.Object, java.lang.Object, java.lang.Object)'> (0x0000000088e7b938) 
thrown [s\open\src\hotspot\share\interpreter\linkResolver.cpp, line 805]
Event: 15.018 Thread 0x000001b61decbae0 Exception <a 'java/lang/NoSuchMethodError'{0x00000000842d6ef0}: 'int java.lang.invoke.DirectMethodHandle$Holder.invokeStatic(java.lang.Object)'> (0x00000000842d6ef0) 
thrown [s\open\src\hotspot\share\interpreter\linkResolver.cpp, line 805]
Event: 15.302 Thread 0x000001b61decbae0 Exception <a 'java/lang/NoSuchMethodError'{0x0000000083d2c9c8}: 'int java.lang.invoke.Invokers$Holder.invokeExact_MT(java.lang.Object, java.lang.Object)'> (0x0000000083d2c9c8) 
thrown [s\open\src\hotspot\share\interpreter\linkResolver.cpp, line 805]

VM Operations (20 events):
Event: 11.528 Executing VM operation: HandshakeAllThreads (Deoptimize)
Event: 11.528 Executing VM operation: HandshakeAllThreads (Deoptimize) done
Event: 12.066 Executing VM operation: HandshakeAllThreads (Deoptimize)
Event: 12.066 Executing VM operation: HandshakeAllThreads (Deoptimize) done
Event: 12.211 Executing VM operation: HandshakeAllThreads (Deoptimize)
Event: 12.211 Executing VM operation: HandshakeAllThreads (Deoptimize) done
Event: 12.579 Executing VM operation: G1CollectForAllocation (G1 Evacuation Pause)
Event: 12.598 Executing VM operation: G1CollectForAllocation (G1 Evacuation Pause) done
Event: 13.061 Executing VM operation: CollectForMetadataAllocation (Metadata GC Threshold)
Event: 13.071 Executing VM operation: CollectForMetadataAllocation (Metadata GC Threshold) done
Event: 13.131 Executing VM operation: G1PauseRemark
Event: 13.138 Executing VM operation: G1PauseRemark done
Event: 13.159 Executing VM operation: G1PauseCleanup
Event: 13.163 Executing VM operation: G1PauseCleanup done
Event: 13.396 Executing VM operation: HandshakeAllThreads (Deoptimize)
Event: 13.396 Executing VM operation: HandshakeAllThreads (Deoptimize) done
Event: 14.472 Executing VM operation: G1CollectForAllocation (G1 Evacuation Pause)
Event: 14.480 Executing VM operation: G1CollectForAllocation (G1 Evacuation Pause) done
Event: 16.799 Executing VM operation: G1CollectForAllocation (G1 Evacuation Pause)
Event: 16.811 Executing VM operation: G1CollectForAllocation (G1 Evacuation Pause) done

Memory protections (0 events):
No events

Nmethod flushes (20 events):
Event: 13.137 Thread 0x000001b63c6d9d40 flushing  nmethod 0x000001b628b67288
Event: 13.137 Thread 0x000001b63c6d9d40 flushing  nmethod 0x000001b628bb4208
Event: 13.137 Thread 0x000001b63c6d9d40 flushing  nmethod 0x000001b628bb4d08
Event: 13.137 Thread 0x000001b63c6d9d40 flushing  nmethod 0x000001b628be3088
Event: 13.137 Thread 0x000001b63c6d9d40 flushing  nmethod 0x000001b628bf8088
Event: 13.137 Thread 0x000001b63c6d9d40 flushing  nmethod 0x000001b628bf8908
Event: 13.137 Thread 0x000001b63c6d9d40 flushing  nmethod 0x000001b628c25908
Event: 13.137 Thread 0x000001b63c6d9d40 flushing  nmethod 0x000001b628c27908
Event: 13.137 Thread 0x000001b63c6d9d40 flushing  nmethod 0x000001b628c41188
Event: 13.137 Thread 0x000001b63c6d9d40 flushing  nmethod 0x000001b628c54588
Event: 13.137 Thread 0x000001b63c6d9d40 flushing  nmethod 0x000001b628c9a288
Event: 13.137 Thread 0x000001b63c6d9d40 flushing  nmethod 0x000001b628c9b008
Event: 13.137 Thread 0x000001b63c6d9d40 flushing  nmethod 0x000001b628ca7108
Event: 13.137 Thread 0x000001b63c6d9d40 flushing  nmethod 0x000001b628cac008
Event: 13.137 Thread 0x000001b63c6d9d40 flushing  nmethod 0x000001b628ce1688
Event: 13.137 Thread 0x000001b63c6d9d40 flushing  nmethod 0x000001b628ce3388
Event: 13.137 Thread 0x000001b63c6d9d40 flushing  nmethod 0x000001b628cec288
Event: 13.137 Thread 0x000001b63c6d9d40 flushing  nmethod 0x000001b628cf9788
Event: 13.137 Thread 0x000001b63c6d9d40 flushing  nmethod 0x000001b628d6ca88
Event: 13.137 Thread 0x000001b63c6d9d40 flushing  nmethod 0x000001b628d72c08

Events (20 events):
Event: 0.604 Thread 0x000001b61decbae0 Thread added: 0x000001b63caf53c0
Event: 0.772 Thread 0x000001b61decbae0 Thread added: 0x000001b67e0518d0
Event: 0.772 Thread 0x000001b61decbae0 Thread added: 0x000001b67e041ff0
Event: 0.852 Thread 0x000001b63c705430 Thread added: 0x000001b67e19fe90
Event: 1.329 Thread 0x000001b67e19fe90 Thread exited: 0x000001b67e19fe90
Event: 1.601 Thread 0x000001b63c705430 Thread added: 0x000001b67eb71ad0
Event: 2.805 Thread 0x000001b67eb71ad0 Thread exited: 0x000001b67eb71ad0
Event: 4.158 Thread 0x000001b63c705430 Thread added: 0x000001b67f0dee30
Event: 4.548 Thread 0x000001b67f0dee30 Thread exited: 0x000001b67f0dee30
Event: 4.834 Thread 0x000001b63c705430 Thread added: 0x000001b6040f3930
Event: 7.316 Thread 0x000001b6040f3930 Thread exited: 0x000001b6040f3930
Event: 8.491 Thread 0x000001b63c705430 Thread added: 0x000001b604e45670
Event: 8.872 Thread 0x000001b61decbae0 Thread added: 0x000001b604711770
Event: 10.017 Thread 0x000001b61decbae0 Thread added: 0x000001b60470ce50
Event: 10.043 Thread 0x000001b60470ce50 Thread exited: 0x000001b60470ce50
Event: 10.621 Thread 0x000001b604711770 Thread exited: 0x000001b604711770
Event: 12.702 Thread 0x000001b604e45670 Thread exited: 0x000001b604e45670
Event: 12.788 Thread 0x000001b63c705430 Thread added: 0x000001b605e3b030
Event: 13.332 Thread 0x000001b605e3b030 Thread exited: 0x000001b605e3b030
Event: 15.354 Thread 0x000001b63c705430 Thread added: 0x000001b606f19670


Dynamic libraries:
0x00007ff7cda00000 - 0x00007ff7cda10000 	C:\Users\hp\Downloads\jdk-24.0.1\bin\java.exe
0x00007ffaa1d30000 - 0x00007ffaa1f28000 	C:\Windows\SYSTEM32\ntdll.dll
0x00007ffaa1a00000 - 0x00007ffaa1ac2000 	C:\Windows\System32\KERNEL32.DLL
0x00007ffa9f710000 - 0x00007ffa9fa06000 	C:\Windows\System32\KERNELBASE.dll
0x00007ffa9faf0000 - 0x00007ffa9fbf0000 	C:\Windows\System32\ucrtbase.dll
0x00007ffa602f0000 - 0x00007ffa6030b000 	C:\Users\hp\Downloads\jdk-24.0.1\bin\VCRUNTIME140.dll
0x00007ffa60310000 - 0x00007ffa60326000 	C:\Users\hp\Downloads\jdk-24.0.1\bin\jli.dll
0x00007ffaa0840000 - 0x00007ffaa09dd000 	C:\Windows\System32\USER32.dll
0x00007ffa87460000 - 0x00007ffa876fa000 	C:\Windows\WinSxS\amd64_microsoft.windows.common-controls_6595b64144ccf1df_6.0.19041.5915_none_60b4b9d171f9c7c7\COMCTL32.dll
0x00007ffa9f530000 - 0x00007ffa9f552000 	C:\Windows\System32\win32u.dll
0x00007ffaa09e0000 - 0x00007ffaa0a7e000 	C:\Windows\System32\msvcrt.dll
0x00007ffaa0150000 - 0x00007ffaa017b000 	C:\Windows\System32\GDI32.dll
0x00007ffa9f560000 - 0x00007ffa9f679000 	C:\Windows\System32\gdi32full.dll
0x00007ffa9f3c0000 - 0x00007ffa9f45d000 	C:\Windows\System32\msvcp_win.dll
0x00007ffa9fd50000 - 0x00007ffa9fd7f000 	C:\Windows\System32\IMM32.DLL
0x00007ffa85640000 - 0x00007ffa8564c000 	C:\Users\hp\Downloads\jdk-24.0.1\bin\vcruntime140_1.dll
0x00007ffa3f9b0000 - 0x00007ffa3fa3e000 	C:\Users\hp\Downloads\jdk-24.0.1\bin\msvcp140.dll
0x00007ffa386f0000 - 0x00007ffa39492000 	C:\Users\hp\Downloads\jdk-24.0.1\bin\server\jvm.dll
0x00007ffaa0080000 - 0x00007ffaa0131000 	C:\Windows\System32\ADVAPI32.dll
0x00007ffaa0180000 - 0x00007ffaa021f000 	C:\Windows\System32\sechost.dll
0x00007ffaa05e0000 - 0x00007ffaa0703000 	C:\Windows\System32\RPCRT4.dll
0x00007ffa9fa10000 - 0x00007ffa9fa37000 	C:\Windows\System32\bcrypt.dll
0x00007ffaa0c30000 - 0x00007ffaa0c9b000 	C:\Windows\System32\WS2_32.dll
0x00007ffa9f220000 - 0x00007ffa9f26b000 	C:\Windows\SYSTEM32\POWRPROF.dll
0x00007ffa95260000 - 0x00007ffa95287000 	C:\Windows\SYSTEM32\WINMM.dll
0x00007ffa98bc0000 - 0x00007ffa98bca000 	C:\Windows\SYSTEM32\VERSION.dll
0x00007ffa9f200000 - 0x00007ffa9f212000 	C:\Windows\SYSTEM32\UMPDC.dll
0x00007ffa9dc10000 - 0x00007ffa9dc22000 	C:\Windows\SYSTEM32\kernel.appcore.dll
0x00007ffa7ccb0000 - 0x00007ffa7ccba000 	C:\Users\hp\Downloads\jdk-24.0.1\bin\jimage.dll
0x00007ffa9d890000 - 0x00007ffa9da91000 	C:\Windows\SYSTEM32\DBGHELP.DLL
0x00007ffa89750000 - 0x00007ffa89784000 	C:\Windows\SYSTEM32\dbgcore.DLL
0x00007ffa9f680000 - 0x00007ffa9f702000 	C:\Windows\System32\bcryptPrimitives.dll
0x00007ffa81320000 - 0x00007ffa8132f000 	C:\Users\hp\Downloads\jdk-24.0.1\bin\instrument.dll
0x00007ffa602d0000 - 0x00007ffa602ee000 	C:\Users\hp\Downloads\jdk-24.0.1\bin\java.dll
0x00007ffaa0710000 - 0x00007ffaa083b000 	C:\Windows\System32\ole32.dll
0x00007ffaa0220000 - 0x00007ffaa0573000 	C:\Windows\System32\combase.dll
0x00007ffaa1170000 - 0x00007ffaa18de000 	C:\Windows\System32\SHELL32.dll
0x00007ffa60500000 - 0x00007ffa60517000 	C:\Users\hp\Downloads\jdk-24.0.1\bin\zip.dll
0x00007ffa9d010000 - 0x00007ffa9d7b4000 	C:\Windows\SYSTEM32\windows.storage.dll
0x00007ffa9ed20000 - 0x00007ffa9ed4b000 	C:\Windows\SYSTEM32\Wldp.dll
0x00007ffa9ff00000 - 0x00007ffa9ffcd000 	C:\Windows\System32\OLEAUT32.dll
0x00007ffaa1ae0000 - 0x00007ffaa1b8d000 	C:\Windows\System32\SHCORE.dll
0x00007ffaa0580000 - 0x00007ffaa05db000 	C:\Windows\System32\shlwapi.dll
0x00007ffa9f2f0000 - 0x00007ffa9f315000 	C:\Windows\SYSTEM32\profapi.dll
0x00007ffa3f700000 - 0x00007ffa3f7d7000 	C:\Users\hp\Downloads\jdk-24.0.1\bin\jsvml.dll
0x00007ffa90200000 - 0x00007ffa90210000 	C:\Users\hp\Downloads\jdk-24.0.1\bin\net.dll
0x00007ffa9ea80000 - 0x00007ffa9eaea000 	C:\Windows\system32\mswsock.dll
0x00007ffa60520000 - 0x00007ffa60536000 	C:\Users\hp\Downloads\jdk-24.0.1\bin\nio.dll
0x00007ffa8ff50000 - 0x00007ffa8ff59000 	C:\Users\hp\Downloads\jdk-24.0.1\bin\extnet.dll
0x00007ffa99820000 - 0x00007ffa9982e000 	C:\Users\hp\Downloads\jdk-24.0.1\bin\sunmscapi.dll
0x00007ffa9fbf0000 - 0x00007ffa9fd4d000 	C:\Windows\System32\CRYPT32.dll
0x00007ffa9ed90000 - 0x00007ffa9edb7000 	C:\Windows\SYSTEM32\ncrypt.dll
0x00007ffa9ed50000 - 0x00007ffa9ed8b000 	C:\Windows\SYSTEM32\NTASN1.dll
0x00007ffa9ec80000 - 0x00007ffa9ec98000 	C:\Windows\SYSTEM32\CRYPTSP.dll
0x00007ffa9e3a0000 - 0x00007ffa9e3d8000 	C:\Windows\system32\rsaenh.dll
0x00007ffa9f270000 - 0x00007ffa9f29e000 	C:\Windows\SYSTEM32\USERENV.dll
0x00007ffa9ec70000 - 0x00007ffa9ec7c000 	C:\Windows\SYSTEM32\CRYPTBASE.dll
0x00007ffa9e760000 - 0x00007ffa9e79b000 	C:\Windows\SYSTEM32\IPHLPAPI.DLL
0x00007ffaa0140000 - 0x00007ffaa0148000 	C:\Windows\System32\NSI.dll
0x00007ffa8b7c0000 - 0x00007ffa8b7d0000 	C:\Users\hp\Downloads\jdk-24.0.1\bin\verify.dll

JVMTI agents:
C:\Users\hp\AppData\Local\JetBrains\IdeaIC2025.1\captureAgent\debugger-agent.jar path:C:\Users\hp\Downloads\jdk-24.0.1\bin\instrument.dll, loaded, initialized, instrumentlib options:file:///C:/Users/hp/AppData/Local/Temp/capture17763766125981106973.props
C:\Program Files\JetBrains\IntelliJ IDEA Community Edition 2025.1.3\lib\idea_rt.jar path:C:\Users\hp\Downloads\jdk-24.0.1\bin\instrument.dll, loaded, initialized, instrumentlib options:56791

dbghelp: loaded successfully - version: 4.0.5 - missing functions: none
symbol engine: initialized successfully - sym options: 0x614 - pdb path: .;C:\Users\hp\Downloads\jdk-24.0.1\bin;C:\Windows\SYSTEM32;C:\Windows\WinSxS\amd64_microsoft.windows.common-controls_6595b64144ccf1df_6.0.19041.5915_none_60b4b9d171f9c7c7;C:\Users\hp\Downloads\jdk-24.0.1\bin\server

VM Arguments:
jvm_args: -javaagent:C:\Users\hp\AppData\Local\JetBrains\IdeaIC2025.1\captureAgent\debugger-agent.jar=file:///C:/Users/hp/AppData/Local/Temp/capture17763766125981106973.props -ea -Didea.test.cyclic.buffer.size=1048576 -javaagent:C:\Program Files\JetBrains\IntelliJ IDEA Community Edition 2025.1.3\lib\idea_rt.jar=56791 -Dkotlinx.coroutines.debug.enable.creation.stack.trace=false -Ddebugger.agent.enable.coroutines=true -Dkotlinx.coroutines.debug.enable.flows.stack.trace=true -Dkotlinx.coroutines.debug.enable.mutable.state.flows.stack.trace=true -Dfile.encoding=UTF-8 -Dsun.stdout.encoding=UTF-8 -Dsun.stderr.encoding=UTF-8 
java_command: com.intellij.rt.junit.JUnitStarter -ideVersion5 -junit5 com.testing.testingApp.repositories.EmployeeRepositoryTest
java_class_path (initial): C:\Users\hp\.m2\repository\org\junit\platform\junit-platform-launcher\1.12.2\junit-platform-launcher-1.12.2.jar;C:\Program Files\JetBrains\IntelliJ IDEA Community Edition 2025.1.3\lib\idea_rt.jar;C:\Program Files\JetBrains\IntelliJ IDEA Community Edition 2025.1.3\plugins\junit\lib\junit5-rt.jar;C:\Program Files\JetBrains\IntelliJ IDEA Community Edition 2025.1.3\plugins\junit\lib\junit-rt.jar;D:\SpringBoot\testingApp\target\test-classes;D:\SpringBoot\testingApp\target\classes;C:\Users\hp\.m2\repository\org\springframework\boot\spring-boot-starter-data-jpa\3.5.3\spring-boot-starter-data-jpa-3.5.3.jar;C:\Users\hp\.m2\repository\org\springframework\boot\spring-boot-starter\3.5.3\spring-boot-starter-3.5.3.jar;C:\Users\hp\.m2\repository\org\springframework\boot\spring-boot-starter-logging\3.5.3\spring-boot-starter-logging-3.5.3.jar;C:\Users\hp\.m2\repository\ch\qos\logback\logback-classic\1.5.18\logback-classic-1.5.18.jar;C:\Users\hp\.m2\repository\ch\qos\logback\logback-core\1.5.18\logback-core-1.5.18.jar;C:\Users\hp\.m2\repository\org\apache\logging\log4j\log4j-to-slf4j\2.24.3\log4j-to-slf4j-2.24.3.jar;C:\Users\hp\.m2\repository\org\apache\logging\log4j\log4j-api\2.24.3\log4j-api-2.24.3.jar;C:\Users\hp\.m2\repository\org\slf4j\jul-to-slf4j\2.0.17\jul-to-slf4j-2.0.17.jar;C:\Users\hp\.m2\repository\jakarta\annotation\jakarta.annotation-api\2.1.1\jakarta.annotation-api-2.1.1.jar;C:\Users\hp\.m2\repository\org\yaml\snakeyaml\2.4\snakeyaml-2.4.jar;C:\Users\hp\.m2\repository\org\springframework\boot\spring-boot-starter-jdbc\3.5.3\spring-boot-starter-jdbc-3.5.3.jar;C:\Users\hp\.m2\repository\com\zaxxer\HikariCP\6.3.0\HikariCP-6.3.0.jar;C:\Users\hp\.m2\repository\org\springframework\spring-jdbc\6.2.8\spring-jdbc-6.2.8.jar;C:\Users\hp\.m2\repository\org\hibernate\orm\hibernate-core\6.6.18.Final\hibernate-core-6.6.18.Final.jar;C:\Users\hp\.m2\repository\jakarta\persistence\jakarta.persistence-api\3.1.0\jakarta.persistence-api-3.1.0.jar;C:\Users\hp\.m2\repository\jakarta\transaction\jakarta.transaction-api\2.0.1\jakarta.transaction-api-2.0.1.jar;C:\Users\hp\.m2\repository\org\jboss\logging\jboss-logging\3.6.1.Final\jboss-logging-3.6.1.Final.jar;C:\Users\hp\.m2\repository\org\hibernate\common\hibernate-commons-annotations\7.0.3.Final\hibernate-commons-annotations-7.0.3.Final.jar;C:\Users\hp\.m2\repository\io\smallrye\jandex\3.2.0\jandex-3.2.0.jar;C:\Users\hp\.m2\repository\com\fasterxml\classmate\1.7.0\classmate-1.7.0.jar;C:\Users\hp\.m2\repository\net\bytebuddy\byte-buddy\1.17.6\byte-buddy-1.17.6.jar;C:\Users\hp\.m2\repository\org\glassfish\jaxb\jaxb-runtime\4.0.5\jaxb-runtime-4.0.5.jar;C:\Users\hp\.m2\repository\org\glassfish\jaxb\jaxb-core\4.0.5\jaxb-core-4.0.5.jar;C:\Users\hp\.m2\repository\org\eclipse\angus\angus-activation\2.0.2\angus-activation-2.0.2.jar;C:\Users\hp\.m2\repository\org\glassfish\jaxb\txw2\4.0.5\txw2-4.0.5.jar;C:\Users\hp\.m2\repository\com\sun\istack\istack-commons-runtime\4.1.2\istack-commons-runtime-4.1.2.jar;C:\Users\hp\.m2\repository\jakarta\inject\jakarta.inject-api\2.0.1\jakarta.inject-api-2.0.1.jar;C:\Users\hp\.m2\repository\org\antlr\antlr4-runtime\4.13.0\antlr4-runtime-4.13.0.jar;C:\Users\hp\.m2\repository\org\springframework\data\spring-data-jpa\3.5.1\spring-data-jpa-3.5.1.jar;C:\Users\hp\.m2\repository\org\springframework\data\spring-data-commons\3.5.1\spring-data-commons-3.5.1.jar;C:\Users\hp\.m2\repository\org\springframework\spring-orm\6.2.8\spring-orm-6.2.8.jar;C:\Users\hp\.m2\repository\org\springframework\spring-context\6.2.8\spring-context-6.2.8.jar;C:\Users\hp\.m2\repository\org\springframework\spring-aop\6.2.8\spring-aop-6.2.8.jar;C:\Users\hp\.m2\repository\org\springframework\spring-tx\6.2.8\spring-tx-6.2.8.jar;C:\Users\hp\.m2\repository\org\springframework\spring-beans\6.2.8\spring-beans-6.2.8.jar;C:\Users\hp\.m2\repository\org\slf4j\slf4j-api\2.0.17\slf4j-api-2.0.17.jar;C:\Users\hp\.m2\repository\org\springframework\spring-aspects\6.2.8\spring-aspects-6.2.8.jar;C:\Users\hp\.m2\repository\org\aspectj\aspectjweaver\1.9.24\aspectjweaver-1.9.24.jar;C:\Users\hp\.m2\repository\org\springframework\boot\spring-boot-starter-web\3.5.3\spring-boot-starter-web-3.5.3.jar;C:\Users\hp\.m2\repository\org\springframework\boot\spring-boot-starter-json\3.5.3\spring-boot-starter-json-3.5.3.jar;C:\Users\hp\.m2\repository\com\fasterxml\jackson\core\jackson-databind\2.19.1\jackson-databind-2.19.1.jar;C:\Users\hp\.m2\repository\com\fasterxml\jackson\core\jackson-annotations\2.19.1\jackson-annotations-2.19.1.jar;C:\Users\hp\.m2\repository\com\fasterxml\jackson\core\jackson-core\2.19.1\jackson-core-2.19.1.jar;C:\Users\hp\.m2\repository\com\fasterxml\jackson\datatype\jackson-datatype-jdk8\2.19.1\jackson-datatype-jdk8-2.19.1.jar;C:\Users\hp\.m2\repository\com\fasterxml\jackson\datatype\jackson-datatype-jsr310\2.19.1\jackson-datatype-jsr310-2.19.1.jar;C:\Users\hp\.m2\repository\com\fasterxml\jackson\module\jackson-module-parameter-names\2.19.1\jackson-module-parameter-names-2.19.1.jar;C:\Users\hp\.m2\repository\org\springframework\boot\spring-boot-starter-tomcat\3.5.3\spring-boot-starter-tomcat-3.5.3.jar;C:\Users\hp\.m2\repository\org\apache\tomcat\embed\tomcat-embed-core\10.1.42\tomcat-embed-core-10.1.42.jar;C:\Users\hp\.m2\repository\org\apache\tomcat\embed\tomcat-embed-el\10.1.42\tomcat-embed-el-10.1.42.jar;C:\Users\hp\.m2\repository\org\apache\tomcat\embed\tomcat-embed-websocket\10.1.42\tomcat-embed-websocket-10.1.42.jar;C:\Users\hp\.m2\repository\org\springframework\spring-web\6.2.8\spring-web-6.2.8.jar;C:\Users\hp\.m2\repository\io\micrometer\micrometer-observation\1.15.1\micrometer-observation-1.15.1.jar;C:\Users\hp\.m2\repository\io\micrometer\micrometer-commons\1.15.1\micrometer-commons-1.15.1.jar;C:\Users\hp\.m2\repository\org\springframework\spring-webmvc\6.2.8\spring-webmvc-6.2.8.jar;C:\Users\hp\.m2\repository\org\springframework\spring-expression\6.2.8\spring-expression-6.2.8.jar;C:\Users\hp\.m2\repository\org\springframework\boot\spring-boot-devtools\3.5.3\spring-boot-devtools-3.5.3.jar;C:\Users\hp\.m2\repository\org\springframework\boot\spring-boot\3.5.3\spring-boot-3.5.3.jar;C:\Users\hp\.m2\repository\org\springframework\boot\spring-boot-autoconfigure\3.5.3\spring-boot-autoconfigure-3.5.3.jar;C:\Users\hp\.m2\repository\org\projectlombok\lombok\1.18.38\lombok-1.18.38.jar;C:\Users\hp\.m2\repository\org\modelmapper\modelmapper\3.2.4\modelmapper-3.2.4.jar;C:\Users\hp\.m2\repository\org\postgresql\postgresql\42.7.7\postgresql-42.7.7.jar;C:\Users\hp\.m2\repository\org\checkerframework\checker-qual\3.49.3\checker-qual-3.49.3.jar;C:\Users\hp\.m2\repository\com\h2database\h2\2.3.232\h2-2.3.232.jar;C:\Users\hp\.m2\repository\org\springframework\boot\spring-boot-starter-test\3.5.3\spring-boot-starter-test-3.5.3.jar;C:\Users\hp\.m2\repository\org\springframework\boot\spring-boot-test\3.5.3\spring-boot-test-3.5.3.jar;C:\Users\hp\.m2\repository\org\springframework\boot\spring-boot-test-autoconfigure\3.5.3\spring-boot-test-autoconfigure-3.5.3.jar;C:\Users\hp\.m2\repository\com\jayway\jsonpath\json-path\2.9.0\json-path-2.9.0.jar;C:\Users\hp\.m2\repository\jakarta\xml\bind\jakarta.xml.bind-api\4.0.2\jakarta.xml.bind-api-4.0.2.jar;C:\Users\hp\.m2\repository\jakarta\activation\jakarta.activation-api\2.1.3\jakarta.activation-api-2.1.3.jar;C:\Users\hp\.m2\repository\net\minidev\json-smart\2.5.2\json-smart-2.5.2.jar;C:\Users\hp\.m2\repository\net\minidev\accessors-smart\2.5.2\accessors-smart-2.5.2.jar;C:\Users\hp\.m2\repository\org\ow2\asm\asm\9.7.1\asm-9.7.1.jar;C:\Users\hp\.m2\repository\org\assertj\assertj-core\3.27.3\assertj-core-3.27.3.jar;C:\Users\hp\.m2\repository\org\awaitility\awaitility\4.2.2\awaitility-4.2.2.jar;C:\Users\hp\.m2\repository\org\hamcrest\hamcrest\3.0\hamcrest-3.0.jar;C:\Users\hp\.m2\repository\org\junit\jupiter\junit-jupiter\5.12.2\junit-jupiter-5.12.2.jar;C:\Users\hp\.m2\repository\org\junit\jupiter\junit-jupiter-api\5.12.2\junit-jupiter-api-5.12.2.jar;C:\Users\hp\.m2\repository\org\opentest4j\opentest4j\1.3.0\opentest4j-1.3.0.jar;C:\Users\hp\.m2\repository\org\junit\platform\junit-platform-commons\1.12.2\junit-platform-commons-1.12.2.jar;C:\Users\hp\.m2\repository\org\apiguardian\apiguardian-api\1.1.2\apiguardian-api-1.1.2.jar;C:\Users\hp\.m2\repository\org\junit\jupiter\junit-jupiter-params\5.12.2\junit-jupiter-params-5.12.2.jar;C:\Users\hp\.m2\repository\org\junit\jupiter\junit-jupiter-engine\5.12.2\junit-jupiter-engine-5.12.2.jar;C:\Users\hp\.m2\repository\org\junit\platform\junit-platform-engine\1.12.2\junit-platform-engine-1.12.2.jar;C:\Users\hp\.m2\repository\org\mockito\mockito-core\5.17.0\mockito-core-5.17.0.jar;C:\Users\hp\.m2\repository\net\bytebuddy\byte-buddy-agent\1.17.6\byte-buddy-agent-1.17.6.jar;C:\Users\hp\.m2\repository\org\objenesis\objenesis\3.3\objenesis-3.3.jar;C:\Users\hp\.m2\repository\org\mockito\mockito-junit-jupiter\5.17.0\mockito-junit-jupiter-5.17.0.jar;C:\Users\hp\.m2\repository\org\skyscreamer\jsonassert\1.5.3\jsonassert-1.5.3.jar;C:\Users\hp\.m2\repository\com\vaadin\external\google\android-json\0.0.20131108.vaadin1\android-json-0.0.20131108.vaadin1.jar;C:\Users\hp\.m2\repository\org\springframework\spring-core\6.2.8\spring-core-6.2.8.jar;C:\Users\hp\.m2\repository\org\springframework\spring-jcl\6.2.8\spring-jcl-6.2.8.jar;C:\Users\hp\.m2\repository\org\springframework\spring-test\6.2.8\spring-test-6.2.8.jar;C:\Users\hp\.m2\repository\org\xmlunit\xmlunit-core\2.10.2\xmlunit-core-2.10.2.jar
Launcher Type: SUN_STANDARD

[Global flags]
     intx CICompilerCount                          = 3                                         {product} {ergonomic}
     uint ConcGCThreads                            = 1                                         {product} {ergonomic}
     uint G1ConcRefinementThreads                  = 4                                         {product} {ergonomic}
   size_t G1HeapRegionSize                         = 1048576                                   {product} {ergonomic}
   size_t InitialHeapSize                          = 134217728                                 {product} {ergonomic}
   size_t MarkStackSize                            = 4194304                                   {product} {ergonomic}
   size_t MarkStackSizeMax                         = 536870912                                 {product} {ergonomic}
   size_t MaxHeapSize                              = 2120220672                                {product} {ergonomic}
   size_t MaxNewSize                               = 1271922688                                {product} {ergonomic}
   size_t MinHeapDeltaBytes                        = 1048576                                   {product} {ergonomic}
   size_t MinHeapSize                              = 8388608                                   {product} {ergonomic}
    uintx NonNMethodCodeHeapSize                   = 5832704                                {pd product} {ergonomic}
    uintx NonProfiledCodeHeapSize                  = 122945536                              {pd product} {ergonomic}
    uintx ProfiledCodeHeapSize                     = 122880000                              {pd product} {ergonomic}
    uintx ReservedCodeCacheSize                    = 251658240                              {pd product} {ergonomic}
     bool SegmentedCodeCache                       = true                                      {product} {ergonomic}
   size_t SoftMaxHeapSize                          = 2120220672                             {manageable} {ergonomic}
     bool UseCompressedOops                        = true                           {product lp64_product} {ergonomic}
     bool UseG1GC                                  = true                                      {product} {ergonomic}
     bool UseLargePagesIndividualAllocation        = false                                  {pd product} {ergonomic}

Logging:
Log output configuration:
 #0: stdout all=warning uptime,level,tags foldmultilines=false
 #1: stderr all=off uptime,level,tags foldmultilines=false

Environment Variables:
JAVA_HOME=C:\Users\hp\Downloads\jdk-24.0.1
PATH=C:\Windows\system32;C:\Windows;C:\Windows\System32\Wbem;C:\MinGW\bin;C:\Windows\System32\WindowsPowerShell\v1.0\;C:\Windows\System32\OpenSSH\;C:\Users\hp\Downloads\jdk-24.0.1\bin;C:\Users\hp\Downloads\jdk-24.0.1\bin;C:\Program Files\MySQL\MySQL Server 8.0\bin;C:\Program Files\Git\cmd;C:\Program Files\MySQL\MySQL Shell 8.0\bin\;C:\Users\hp\AppData\Local\Microsoft\WindowsApps;;C:\Program Files\JetBrains\IntelliJ IDEA Community Edition 2025.1.3\bin;;C:\Users\hp\AppData\Local\Programs\Microsoft VS Code\bin
USERNAME=hp
OS=Windows_NT
PROCESSOR_IDENTIFIER=Intel64 Family 6 Model 78 Stepping 3, GenuineIntel
TMP=C:\Users\hp\AppData\Local\Temp
TEMP=C:\Users\hp\AppData\Local\Temp




Periodic native trim disabled

---------------  S Y S T E M  ---------------

OS:
 Windows 10 , 64 bit Build 19041 (10.0.19041.5915)
OS uptime: 11 days 16:24 hours

CPU: total 4 (initial active 4) (2 cores per cpu, 2 threads per core) family 6 model 78 stepping 3 microcode 0xcc, cx8, cmov, fxsr, ht, mmx, 3dnowpref, sse, sse2, sse3, ssse3, sse4.1, sse4.2, popcnt, lzcnt, tsc, tscinvbit, avx, avx2, aes, erms, clmul, bmi1, bmi2, adx, fma, vzeroupper, clflush, clflushopt, rdtscp, f16c
Processor Information for the first 4 processors :
  Max Mhz: 2000, Current Mhz: 2000, Mhz Limit: 2000

Memory: 4k page, system-wide physical 8082M (422M free)
TotalPageFile size 23265M (AvailPageFile size 20M)
current process WorkingSet (physical memory assigned to process): 238M, peak: 239M
current process commit charge ("private bytes"): 270M, peak: 284M

vm_info: Java HotSpot(TM) 64-Bit Server VM (24.0.1+9-30) for windows-amd64 JRE (24.0.1+9-30), built on 2025-03-05T07:23:45Z with MS VC++ 17.6 (VS2022)

END.
