#
# There is insufficient memory for the Java Runtime Environment to continue.
# Native memory allocation (mmap) failed to map 134217728 bytes. Error detail: G1 virtual space
# Possible reasons:
#   The system is out of physical RAM or swap space
#   This process is running with CompressedOops enabled, and the Java Heap may be blocking the growth of the native heap
# Possible solutions:
#   Reduce memory load on the system
#   Increase physical memory or swap space
#   Check if swap backing store is full
#   Decrease Java heap size (-Xmx/-Xms)
#   Decrease number of Java threads
#   Decrease Java thread stack sizes (-Xss)
#   Set larger code cache with -XX:ReservedCodeCacheSize=
#   JVM is running with Unscaled Compressed Oops mode in which the Java heap is
#     placed in the first 4GB address space. The Java Heap base address is the
#     maximum limit for the native heap growth. Please use -XX:HeapBaseMinAddress
#     to set the Java Heap base and to place the Java Heap above 4GB virtual address.
# This output file may be truncated or incomplete.
#
#  Out of Memory Error (os_windows.cpp:3564), pid=8300, tid=11676
#
# JRE version:  (24.0.1+9) (build )
# Java VM: Java HotSpot(TM) 64-Bit Server VM (24.0.1+9-30, mixed mode, sharing, tiered, compressed oops, compressed class ptrs, g1 gc, windows-amd64)
# No core dump will be written. Minidumps are not enabled by default on client versions of Windows
#

---------------  S U M M A R Y ------------

Command Line: -Dnet.bytebuddy.agent.attacher.dump= net.bytebuddy.agent.Attacher com.sun.tools.attach.VirtualMachine 18820 C:\Users\hp\.m2\repository\net\bytebuddy\byte-buddy-agent\1.17.6\byte-buddy-agent-1.17.6.jar false 

Host: Intel(R) Core(TM) i3-6006U CPU @ 2.00GHz, 4 cores, 7G,  Windows 10 , 64 bit Build 19041 (10.0.19041.5915)
Time: Thu Jul 10 12:49:49 2025 India Standard Time elapsed time: 0.268086 seconds (0d 0h 0m 0s)

---------------  T H R E A D  ---------------

Current thread (0x0000028beecd9ca0):  JavaThread "Unknown thread" [_thread_in_vm, id=11676, stack(0x000000e1eda00000,0x000000e1edb00000) (1024K)]

Stack: [0x000000e1eda00000,0x000000e1edb00000]
Native frames: (J=compiled Java code, j=interpreted, Vv=VM code, C=native code)
V  [jvm.dll+0x730739]  (no source info available)
V  [jvm.dll+0x8d9b23]  (no source info available)
V  [jvm.dll+0x8dc00d]  (no source info available)
V  [jvm.dll+0x8dc683]  (no source info available)
V  [jvm.dll+0x2aa086]  (no source info available)
V  [jvm.dll+0x72cc65]  (no source info available)
V  [jvm.dll+0x72059a]  (no source info available)
V  [jvm.dll+0x390cea]  (no source info available)
V  [jvm.dll+0x3989f6]  (no source info available)
V  [jvm.dll+0x38523e]  (no source info available)
V  [jvm.dll+0x3854f8]  (no source info available)
V  [jvm.dll+0x35d0cc]  (no source info available)
V  [jvm.dll+0x35dd8d]  (no source info available)
V  [jvm.dll+0x89d28f]  (no source info available)
V  [jvm.dll+0x3f985d]  (no source info available)
V  [jvm.dll+0x8858e6]  (no source info available)
V  [jvm.dll+0x495f3e]  (no source info available)
V  [jvm.dll+0x497d11]  (no source info available)
C  [jli.dll+0x52a1]  (no source info available)
C  [ucrtbase.dll+0x21bb2]  (no source info available)
C  [KERNEL32.DLL+0x17374]  (no source info available)
C  [ntdll.dll+0x4cc91]  (no source info available)

Lock stack of current Java thread (top to bottom):


---------------  P R O C E S S  ---------------

Threads class SMR info:
_java_thread_list=0x00007ffc698bf318, length=0, elements={
}

Java Threads: ( => current thread )
Total: 0

Other Threads:
  0x0000028bf0fb3ed0 WorkerThread "GC Thread#0"                     [id=13236, stack(0x000000e1edb00000,0x000000e1edc00000) (1024K)]
  0x0000028bf0fc8b10 ConcurrentGCThread "G1 Main Marker"            [id=16932, stack(0x000000e1edc00000,0x000000e1edd00000) (1024K)]
  0x0000028bf0fc9620 WorkerThread "G1 Conc#0"                       [id=13228, stack(0x000000e1edd00000,0x000000e1ede00000) (1024K)]

[error occurred during error reporting (printing all threads), id 0xc0000005, EXCEPTION_ACCESS_VIOLATION (0xc0000005) at pc=0x00007ffc68ff14ea]
VM state: not at safepoint (not fully initialized)

VM Mutex/Monitor currently owned by a thread:  ([mutex/lock_event])
[0x00007ffc699445b0] Heap_lock - owner thread: 0x0000028beecd9ca0

Heap address: 0x0000000081a00000, size: 2022 MB, Compressed Oops mode: 32-bit

CDS archive(s) mapped at: [0x0000000000000000-0x0000000000000000-0x0000000000000000), size 0, SharedBaseAddress: 0x0000000800000000, ArchiveRelocationMode: 1.
UseCompressedClassPointers 1, UseCompactObjectHeaders 0
Narrow klass pointer bits 32, Max shift 3
Narrow klass base: 0xffffffffffffffff, Narrow klass shift: -1
Encoding Range: [0xffffffffffffffff - 0x000000007fffffff), (2147483648 bytes)
Klass Range:    [0x0000000000000000 - 0x0000000000000000), (0 bytes)
Klass ID Range:  [4294967295 - 0) (1)

GC Precious Log:
 CardTable entry size: 512
 Card Set container configuration: InlinePtr #cards 5 size 8 Array Of Cards #cards 10 size 36 Howl #buckets 4 coarsen threshold 1843 Howl Bitmap #cards 512 size 80 coarsen threshold 460 Card regions per heap region 1 cards per card region 2048

Heap:
 garbage-first heap   total reserved 2070528K, committed 0K, used 0K [0x0000000081a00000, 0x0000000100000000)
  region size 1024K, 0 young (0K), 0 survivors (0K)

[error occurred during error reporting (printing heap information), id 0xc0000005, EXCEPTION_ACCESS_VIOLATION (0xc0000005) at pc=0x00007ffc6940e3e9]
GC Heap History (0 events):
No events

Dll operation events (1 events):
Event: 0.022 Loaded shared library C:\Users\hp\Downloads\jdk-24.0.1\bin\java.dll

Deoptimization events (0 events):
No events

Classes loaded (0 events):
No events

Classes unloaded (0 events):
No events

Classes redefined (0 events):
No events

Internal exceptions (0 events):
No events

VM Operations (0 events):
No events

Memory protections (0 events):
No events

Nmethod flushes (0 events):
No events

Events (0 events):
No events


Dynamic libraries:
0x00007ff79e340000 - 0x00007ff79e350000 	C:\Users\hp\Downloads\jdk-24.0.1\bin\java.exe
0x00007ffc94470000 - 0x00007ffc94668000 	C:\Windows\SYSTEM32\ntdll.dll
0x00007ffc93280000 - 0x00007ffc93342000 	C:\Windows\System32\KERNEL32.DLL
0x00007ffc91da0000 - 0x00007ffc92096000 	C:\Windows\System32\KERNELBASE.dll
0x00007ffc91ca0000 - 0x00007ffc91da0000 	C:\Windows\System32\ucrtbase.dll
0x00007ffc8c380000 - 0x00007ffc8c396000 	C:\Users\hp\Downloads\jdk-24.0.1\bin\jli.dll
0x00007ffc8bf30000 - 0x00007ffc8bf4b000 	C:\Users\hp\Downloads\jdk-24.0.1\bin\VCRUNTIME140.dll
0x00007ffc941d0000 - 0x00007ffc9436d000 	C:\Windows\System32\USER32.dll
0x00007ffc92460000 - 0x00007ffc92482000 	C:\Windows\System32\win32u.dll
0x00007ffc92c30000 - 0x00007ffc92c5b000 	C:\Windows\System32\GDI32.dll
0x00007ffc92340000 - 0x00007ffc92459000 	C:\Windows\System32\gdi32full.dll
0x00007ffc7f710000 - 0x00007ffc7f9aa000 	C:\Windows\WinSxS\amd64_microsoft.windows.common-controls_6595b64144ccf1df_6.0.19041.5915_none_60b4b9d171f9c7c7\COMCTL32.dll
0x00007ffc91b00000 - 0x00007ffc91b9d000 	C:\Windows\System32\msvcp_win.dll
0x00007ffc92fd0000 - 0x00007ffc9306e000 	C:\Windows\System32\msvcrt.dll
0x00007ffc93f90000 - 0x00007ffc93fbf000 	C:\Windows\System32\IMM32.DLL
0x00007ffc8e640000 - 0x00007ffc8e64c000 	C:\Users\hp\Downloads\jdk-24.0.1\bin\vcruntime140_1.dll
0x00007ffc7df60000 - 0x00007ffc7dfee000 	C:\Users\hp\Downloads\jdk-24.0.1\bin\msvcp140.dll
0x00007ffc68c80000 - 0x00007ffc69a22000 	C:\Users\hp\Downloads\jdk-24.0.1\bin\server\jvm.dll
0x00007ffc93470000 - 0x00007ffc93521000 	C:\Windows\System32\ADVAPI32.dll
0x00007ffc93360000 - 0x00007ffc933ff000 	C:\Windows\System32\sechost.dll
0x00007ffc92490000 - 0x00007ffc925b3000 	C:\Windows\System32\RPCRT4.dll
0x00007ffc91c20000 - 0x00007ffc91c47000 	C:\Windows\System32\bcrypt.dll
0x00007ffc93400000 - 0x00007ffc9346b000 	C:\Windows\System32\WS2_32.dll
0x00007ffc7e990000 - 0x00007ffc7e9b7000 	C:\Windows\SYSTEM32\WINMM.dll
0x00007ffc91960000 - 0x00007ffc919ab000 	C:\Windows\SYSTEM32\POWRPROF.dll
0x00007ffc8b420000 - 0x00007ffc8b42a000 	C:\Windows\SYSTEM32\VERSION.dll
0x00007ffc91940000 - 0x00007ffc91952000 	C:\Windows\SYSTEM32\UMPDC.dll
0x00007ffc902e0000 - 0x00007ffc902f2000 	C:\Windows\SYSTEM32\kernel.appcore.dll
0x00007ffc8d9c0000 - 0x00007ffc8d9ca000 	C:\Users\hp\Downloads\jdk-24.0.1\bin\jimage.dll
0x00007ffc8ff90000 - 0x00007ffc90191000 	C:\Windows\SYSTEM32\DBGHELP.DLL
0x00007ffc7b650000 - 0x00007ffc7b684000 	C:\Windows\SYSTEM32\dbgcore.DLL
0x00007ffc920a0000 - 0x00007ffc92122000 	C:\Windows\System32\bcryptPrimitives.dll
0x00007ffc8a9e0000 - 0x00007ffc8a9fe000 	C:\Users\hp\Downloads\jdk-24.0.1\bin\java.dll
0x00007ffc93540000 - 0x00007ffc9366b000 	C:\Windows\System32\ole32.dll
0x00007ffc92c60000 - 0x00007ffc92fb3000 	C:\Windows\System32\combase.dll
0x00007ffc93670000 - 0x00007ffc93dde000 	C:\Windows\System32\SHELL32.dll

JVMTI agents: none

dbghelp: loaded successfully - version: 4.0.5 - missing functions: none
symbol engine: initialized successfully - sym options: 0x614 - pdb path: .;C:\Users\hp\Downloads\jdk-24.0.1\bin;C:\Windows\SYSTEM32;C:\Windows\WinSxS\amd64_microsoft.windows.common-controls_6595b64144ccf1df_6.0.19041.5915_none_60b4b9d171f9c7c7;C:\Users\hp\Downloads\jdk-24.0.1\bin\server

VM Arguments:
jvm_args: -Dnet.bytebuddy.agent.attacher.dump= 
java_command: net.bytebuddy.agent.Attacher com.sun.tools.attach.VirtualMachine 18820 C:\Users\hp\.m2\repository\net\bytebuddy\byte-buddy-agent\1.17.6\byte-buddy-agent-1.17.6.jar false 
java_class_path (initial): C:\Users\hp\.m2\repository\net\bytebuddy\byte-buddy-agent\1.17.6\byte-buddy-agent-1.17.6.jar
Launcher Type: SUN_STANDARD

[Global flags]
     intx CICompilerCount                          = 3                                         {product} {ergonomic}
     uint ConcGCThreads                            = 1                                         {product} {ergonomic}
     uint G1ConcRefinementThreads                  = 4                                         {product} {ergonomic}
   size_t G1HeapRegionSize                         = 1048576                                   {product} {ergonomic}
   size_t InitialHeapSize                          = 134217728                                 {product} {ergonomic}
   size_t MarkStackSize                            = 4194304                                   {product} {ergonomic}
   size_t MarkStackSizeMax                         = 536870912                                 {product} {ergonomic}
   size_t MaxHeapSize                              = 2120220672                                {product} {ergonomic}
   size_t MinHeapDeltaBytes                        = 1048576                                   {product} {ergonomic}
   size_t MinHeapSize                              = 8388608                                   {product} {ergonomic}
    uintx NonNMethodCodeHeapSize                   = 5832704                                {pd product} {ergonomic}
    uintx NonProfiledCodeHeapSize                  = 122945536                              {pd product} {ergonomic}
    uintx ProfiledCodeHeapSize                     = 122880000                              {pd product} {ergonomic}
    uintx ReservedCodeCacheSize                    = 251658240                              {pd product} {ergonomic}
     bool SegmentedCodeCache                       = true                                      {product} {ergonomic}
   size_t SoftMaxHeapSize                          = 2120220672                             {manageable} {ergonomic}
     bool UseCompressedOops                        = true                           {product lp64_product} {ergonomic}
     bool UseG1GC                                  = true                                      {product} {ergonomic}
     bool UseLargePagesIndividualAllocation        = false                                  {pd product} {ergonomic}

Logging:
Log output configuration:
 #0: stdout all=warning uptime,level,tags foldmultilines=false
 #1: stderr all=off uptime,level,tags foldmultilines=false

Environment Variables:
JAVA_HOME=C:\Users\hp\Downloads\jdk-24.0.1
PATH=C:\Windows\system32;C:\Windows;C:\Windows\System32\Wbem;C:\MinGW\bin;C:\Windows\System32\WindowsPowerShell\v1.0\;C:\Windows\System32\OpenSSH\;C:\Users\hp\Downloads\jdk-24.0.1\bin;C:\Users\hp\Downloads\jdk-24.0.1\bin;C:\Program Files\MySQL\MySQL Server 8.0\bin;C:\Program Files\Git\cmd;C:\Program Files\Docker\Docker\resources\bin;C:\Program Files\PostgreSQL\16\bin;C:\Program Files\MySQL\MySQL Shell 8.0\bin\;C:\Users\hp\AppData\Local\Microsoft\WindowsApps;;C:\Program Files\JetBrains\IntelliJ IDEA Community Edition 2025.1.3\bin;;C:\Users\hp\AppData\Local\Programs\Microsoft VS Code\bin
USERNAME=hp
OS=Windows_NT
PROCESSOR_IDENTIFIER=Intel64 Family 6 Model 78 Stepping 3, GenuineIntel
TMP=C:\Users\hp\AppData\Local\Temp
TEMP=C:\Users\hp\AppData\Local\Temp




Periodic native trim disabled

---------------  S Y S T E M  ---------------

OS:
 Windows 10 , 64 bit Build 19041 (10.0.19041.5915)
OS uptime: 2 days 14:43 hours
Hyper-V role detected

CPU: total 4 (initial active 4) (2 cores per cpu, 2 threads per core) family 6 model 78 stepping 3 microcode 0xcc, cx8, cmov, fxsr, ht, mmx, 3dnowpref, sse, sse2, sse3, ssse3, sse4.1, sse4.2, popcnt, lzcnt, tsc, tscinvbit, avx, avx2, aes, erms, clmul, bmi1, bmi2, adx, fma, vzeroupper, clflush, clflushopt, hv, rdtscp, f16c
Processor Information for the first 4 processors :
  Max Mhz: 2000, Current Mhz: 2000, Mhz Limit: 2000

Memory: 4k page, system-wide physical 8082M (282M free)
TotalPageFile size 32658M (AvailPageFile size 33M)
current process WorkingSet (physical memory assigned to process): 11M, peak: 11M
current process commit charge ("private bytes"): 52M, peak: 180M

vm_info: Java HotSpot(TM) 64-Bit Server VM (24.0.1+9-30) for windows-amd64 JRE (24.0.1+9-30), built on 2025-03-05T07:23:45Z with MS VC++ 17.6 (VS2022)

END.
